Using pre-set license
Built from '2020.3/staging' branch; Version is '2020.3.9f1 (108be757e447) revision 1084391'; Using compiler version '192528614'; Build Type 'Release'
OS: 'Windows 10 Home; OS build 19041.1052; Version 2004; 64bit' Language: 'en' Physical Memory: 7919 MB
BatchMode: 1, IsHumanControllingUs: 0, StartBugReporterOnCrash: 0, Is64bit: 1, IsPro: 0

 COMMAND LINE ARGUMENTS:
C:\Program Files\Unity\Hub\Editor\2020.3.9f1\Editor\Unity.exe
-adb2
-batchMode
-noUpm
-name
AssetImportWorker0
-projectPath
C:/Users/Andrew/Desktop/Workspace/Unity/GameJam1/FlappyBirdTest/FappyBirdA
-logFile
Logs/AssetImportWorker0.log
-srvPort
60473
Successfully changed project path to: C:/Users/Andrew/Desktop/Workspace/Unity/GameJam1/FlappyBirdTest/FappyBirdA
C:/Users/Andrew/Desktop/Workspace/Unity/GameJam1/FlappyBirdTest/FappyBirdA
Using Asset Import Pipeline V2.
Refreshing native plugins compatible for Editor in 43.86 ms, found 1 plugins.
Preloading 0 native plugins for Editor in 0.00 ms.
Initialize engine version: 2020.3.9f1 (108be757e447)
[Subsystems] Discovering subsystems at path C:/Program Files/Unity/Hub/Editor/2020.3.9f1/Editor/Data/Resources/UnitySubsystems
[Subsystems] Discovering subsystems at path C:/Users/Andrew/Desktop/Workspace/Unity/GameJam1/FlappyBirdTest/FappyBirdA/Assets
GfxDevice: creating device client; threaded=0
Direct3D:
    Version:  Direct3D 11.0 [level 11.1]
    Renderer: Intel(R) Iris(R) Plus Graphics 640 (ID=0x5926)
    Vendor:   
    VRAM:     3959 MB
    Driver:   27.20.100.8854
Initialize mono
Mono path[0] = 'C:/Program Files/Unity/Hub/Editor/2020.3.9f1/Editor/Data/Managed'
Mono path[1] = 'C:/Program Files/Unity/Hub/Editor/2020.3.9f1/Editor/Data/MonoBleedingEdge/lib/mono/unityjit'
Mono config path = 'C:/Program Files/Unity/Hub/Editor/2020.3.9f1/Editor/Data/MonoBleedingEdge/etc'
Using monoOptions --debugger-agent=transport=dt_socket,embedding=1,server=y,suspend=n,address=127.0.0.1:56608
Begin MonoManager ReloadAssembly
Registering precompiled unity dll's ...
Register platform support module: C:/Program Files/Unity/Hub/Editor/2020.3.9f1/Editor/Data/PlaybackEngines/WebGLSupport/UnityEditor.WebGL.Extensions.dll
Register platform support module: C:/Program Files/Unity/Hub/Editor/2020.3.9f1/Editor/Data/PlaybackEngines/WindowsStandaloneSupport/UnityEditor.WindowsStandalone.Extensions.dll
Registered in 0.004933 seconds.
Native extension for WindowsStandalone target not found
Native extension for WebGL target not found
Refreshing native plugins compatible for Editor in 42.17 ms, found 1 plugins.
Preloading 0 native plugins for Editor in 0.00 ms.
Mono: successfully reloaded assembly
- Completed reload, in  1.761 seconds
Platform modules already initialized, skipping
Registering precompiled user dll's ...
Registered in 0.001266 seconds.
Begin MonoManager ReloadAssembly
Native extension for WindowsStandalone target not found
Native extension for WebGL target not found
Refreshing native plugins compatible for Editor in 52.69 ms, found 1 plugins.
Preloading 0 native plugins for Editor in 0.00 ms.
Mono: successfully reloaded assembly
- Completed reload, in  1.155 seconds
Platform modules already initialized, skipping
========================================================================
Worker process is ready to serve import requests
Launched and connected shader compiler UnityShaderCompiler.exe after 0.07 seconds
Refreshing native plugins compatible for Editor in 0.63 ms, found 1 plugins.
Preloading 0 native plugins for Editor in 0.00 ms.
Unloading 1809 Unused Serialized files (Serialized files now loaded: 0)
System memory in use before: 85.5 MB.
System memory in use after: 85.5 MB.

Unloading 24 unused Assets to reduce memory usage. Loaded Objects now: 2251.
Total: 3.133600 ms (FindLiveObjects: 0.245200 ms CreateObjectMapping: 0.107200 ms MarkObjects: 2.622100 ms  DeleteObjects: 0.157900 ms)

========================================================================
Received Import Request.
  path: Assets/Textures/Background.png
  artifactKey: Guid(0d4f63383d741fa4a8dc48572d99d762) Importer(815301076,1909f56bfc062723c751e8b465ee728b)
Start importing Assets/Textures/Background.png using Guid(0d4f63383d741fa4a8dc48572d99d762) Importer(815301076,1909f56bfc062723c751e8b465ee728b)  -> (artifact id: '457481e03cb1b560a183e9e5df4125ef') in 0.182633 seconds
  Import took 0.187089 seconds .

========================================================================
Received Import Request.
  Time since last request: 10.295340 seconds.
  path: Assets/Textures/Bird.png
  artifactKey: Guid(3dd45b6b89b809b4e973e8373e628042) Importer(815301076,1909f56bfc062723c751e8b465ee728b)
Start importing Assets/Textures/Bird.png using Guid(3dd45b6b89b809b4e973e8373e628042) Importer(815301076,1909f56bfc062723c751e8b465ee728b)  -> (artifact id: 'd81b7c2048736cd313d74560f7851fa6') in 0.022476 seconds
  Import took 0.042160 seconds .

AssetImportWorkerClient::OnTransportError - code=2 error=End of file
